<testsuites id="" name="" tests="1" failures="0" skipped="0" errors="0" time="16.782982000023125">
<testsuite name="productManagement.spec.ts" timestamp="2026-05-03T01:13:44.609Z" hostname="chromium" tests="1" failures="0" skipped="0" time="14.213" errors="0">
<testcase name="Feature: Product Management › Given the administrator is on the Products page
    And the administrator is on the Products page
    When the administrator selects a product to delete
    Then the product should be removed from the product list successfully" classname="productManagement.spec.ts" time="14.213">
<system-out>
<![CDATA[Logging in with user: admin
Logging in with password: ********
]]>
</system-out>
</testcase>
</testsuite>
</testsuites>